<?xml version="1.0" encoding="utf-8"?><testsuites name="pytest tests"><testsuite name="pytest" errors="0" failures="0" skipped="0" tests="17" time="32.274" timestamp="2026-07-05T11:40:16.682706+00:00" hostname="agent-env-4fb73ec3-1e9e-46d5-bbf5-e46bf5e5c1bc"><testcase classname="backend.tests.test_skillseed_api" name="test_health" time="0.249" /><testcase classname="backend.tests.test_skillseed_api.TestProfile" name="test_profile_auto_create" time="0.045" /><testcase classname="backend.tests.test_skillseed_api.TestProfile" name="test_profile_patch" time="0.126" /><testcase classname="backend.tests.test_skillseed_api.TestCareers" name="test_list_all" time="0.039" /><testcase classname="backend.tests.test_skillseed_api.TestCareers" name="test_filter_ai" time="0.041" /><testcase classname="backend.tests.test_skillseed_api.TestCareers" name="test_get_single" time="0.087" /><testcase classname="backend.tests.test_skillseed_api" name="test_skills_list" time="0.046" /><testcase classname="backend.tests.test_skillseed_api.TestMissions" name="test_missions_list" time="0.043" /><testcase classname="backend.tests.test_skillseed_api.TestMissions" name="test_mission_complete_and_idempotent" time="0.135" /><testcase classname="backend.tests.test_skillseed_api.TestDiscover" name="test_questions" time="0.082" /><testcase classname="backend.tests.test_skillseed_api.TestDiscover" name="test_analyze" time="5.503" /><testcase classname="backend.tests.test_skillseed_api.TestNova" name="test_chat_multi_turn" time="6.538" /><testcase classname="backend.tests.test_skillseed_api.TestNova" name="test_tts" time="2.576" /><testcase classname="backend.tests.test_skillseed_api.TestNova" name="test_stt_missing_file_returns_422" time="0.083" /><testcase classname="backend.tests.test_skillseed_api.TestNova" name="test_tts_mp3_header_valid" time="7.588" /><testcase classname="backend.tests.test_skillseed_api.TestNovaDaily" name="test_daily_force_returns_valid_shape" time="4.110" /><testcase classname="backend.tests.test_skillseed_api.TestNovaDaily" name="test_daily_caches_same_day" time="4.930" /></testsuite></testsuites>