<?xml version="1.0" encoding="utf-8"?><testsuites name="pytest tests"><testsuite name="pytest" errors="0" failures="0" skipped="0" tests="22" time="54.991" timestamp="2026-07-05T12:14:33.175473+00:00" hostname="agent-env-4fb73ec3-1e9e-46d5-bbf5-e46bf5e5c1bc"><testcase classname="backend.tests.test_skillseed_api" name="test_health" time="0.246" /><testcase classname="backend.tests.test_skillseed_api.TestProfile" name="test_profile_auto_create" time="0.047" /><testcase classname="backend.tests.test_skillseed_api.TestProfile" name="test_profile_patch" time="4.452" /><testcase classname="backend.tests.test_skillseed_api.TestCareers" name="test_list_all" time="0.043" /><testcase classname="backend.tests.test_skillseed_api.TestCareers" name="test_filter_ai" time="0.043" /><testcase classname="backend.tests.test_skillseed_api.TestCareers" name="test_get_single" time="0.043" /><testcase classname="backend.tests.test_skillseed_api" name="test_skills_list" time="0.042" /><testcase classname="backend.tests.test_skillseed_api.TestMissions" name="test_missions_list" time="0.045" /><testcase classname="backend.tests.test_skillseed_api.TestMissions" name="test_mission_complete_and_idempotent" time="0.135" /><testcase classname="backend.tests.test_skillseed_api.TestDiscover" name="test_questions" time="0.044" /><testcase classname="backend.tests.test_skillseed_api.TestDiscover" name="test_analyze" time="5.235" /><testcase classname="backend.tests.test_skillseed_api.TestNova" name="test_chat_multi_turn" time="9.373" /><testcase classname="backend.tests.test_skillseed_api.TestNova" name="test_tts" time="1.292" /><testcase classname="backend.tests.test_skillseed_api.TestNova" name="test_stt_missing_file_returns_422" time="0.051" /><testcase classname="backend.tests.test_skillseed_api.TestNova" name="test_tts_mp3_header_valid" time="1.202" /><testcase classname="backend.tests.test_skillseed_api.TestNovaDaily" name="test_daily_force_returns_valid_shape" time="4.886" /><testcase classname="backend.tests.test_skillseed_api.TestNovaDaily" name="test_daily_caches_same_day" time="8.858" /><testcase classname="backend.tests.test_skillseed_api.TestTraits" name="test_traits_list" time="0.043" /><testcase classname="backend.tests.test_skillseed_api.TestTraitImpactsAndMilestones" name="test_mission_complete_returns_trait_deltas" time="0.139" /><testcase classname="backend.tests.test_skillseed_api.TestTraitImpactsAndMilestones" name="test_communication_milestone_crossed" time="0.276" /><testcase classname="backend.tests.test_skillseed_api.TestNovaMemory" name="test_memory_after_chats" time="9.270" /><testcase classname="backend.tests.test_skillseed_api.TestNovaMemory" name="test_chat_references_memory" time="9.160" /></testsuite></testsuites>